Using pre-set license
Built from '2020.3/staging' branch; Version is '2020.3.10f1 (297d780c91bc) revision 2719096'; Using compiler version '192528614'; Build Type 'Release'
OS: 'Windows 10 Home; OS build 19043.1110; Version 2009; 64bit' Language: 'tr' Physical Memory: 8060 MB
BatchMode: 1, IsHumanControllingUs: 0, StartBugReporterOnCrash: 0, Is64bit: 1, IsPro: 0

 COMMAND LINE ARGUMENTS:
C:\Program Files\Unity\Hub\Editor\2020.3.10f1\Editor\Unity.exe
-adb2
-batchMode
-noUpm
-name
AssetImportWorker2
-projectPath
C:/Users/mertcan/2DPlatformer
-logFile
Logs/AssetImportWorker2.log
-srvPort
60558
Successfully changed project path to: C:/Users/mertcan/2DPlatformer
C:/Users/mertcan/2DPlatformer
Using Asset Import Pipeline V2.
Refreshing native plugins compatible for Editor in 53.52 ms, found 3 plugins.
Preloading 0 native plugins for Editor in 0.00 ms.
Initialize engine version: 2020.3.10f1 (297d780c91bc)
[Subsystems] Discovering subsystems at path C:/Program Files/Unity/Hub/Editor/2020.3.10f1/Editor/Data/Resources/UnitySubsystems
[Subsystems] Discovering subsystems at path C:/Users/mertcan/2DPlatformer/Assets
GfxDevice: creating device client; threaded=0
Direct3D:
    Version:  Direct3D 11.0 [level 11.0]
    Renderer: NVIDIA GeForce GTX 960M (ID=0x139b)
    Vendor:   
    VRAM:     4055 MB
    Driver:   27.21.14.6079
Initialize mono
Mono path[0] = 'C:/Program Files/Unity/Hub/Editor/2020.3.10f1/Editor/Data/Managed'
Mono path[1] = 'C:/Program Files/Unity/Hub/Editor/2020.3.10f1/Editor/Data/MonoBleedingEdge/lib/mono/unityjit'
Mono config path = 'C:/Program Files/Unity/Hub/Editor/2020.3.10f1/Editor/Data/MonoBleedingEdge/etc'
Using monoOptions --debugger-agent=transport=dt_socket,embedding=1,server=y,suspend=n,address=127.0.0.1:56728
Begin MonoManager ReloadAssembly
Registering precompiled unity dll's ...
Register platform support module: C:/Program Files/Unity/Hub/Editor/2020.3.10f1/Editor/Data/PlaybackEngines/WindowsStandaloneSupport/UnityEditor.WindowsStandalone.Extensions.dll
Registered in 0.008977 seconds.
Native extension for WindowsStandalone target not found
Refreshing native plugins compatible for Editor in 49.20 ms, found 3 plugins.
Preloading 0 native plugins for Editor in 0.00 ms.
Mono: successfully reloaded assembly
- Completed reload, in  1.682 seconds
Platform modules already initialized, skipping
Registering precompiled user dll's ...
Registered in 0.007308 seconds.
Begin MonoManager ReloadAssembly
Native extension for WindowsStandalone target not found
Refreshing native plugins compatible for Editor in 45.57 ms, found 3 plugins.
Preloading 0 native plugins for Editor in 0.00 ms.
Mono: successfully reloaded assembly
- Completed reload, in  1.485 seconds
Platform modules already initialized, skipping
========================================================================
Worker process is ready to serve import requests
Launched and connected shader compiler UnityShaderCompiler.exe after 0.73 seconds
Refreshing native plugins compatible for Editor in 1.30 ms, found 3 plugins.
Preloading 0 native plugins for Editor in 0.00 ms.
Unloading 2083 Unused Serialized files (Serialized files now loaded: 0)
System memory in use before: 92.9 MB.
System memory in use after: 92.9 MB.

Unloading 33 unused Assets to reduce memory usage. Loaded Objects now: 2517.
Total: 5.138000 ms (FindLiveObjects: 0.348900 ms CreateObjectMapping: 0.166900 ms MarkObjects: 4.355600 ms  DeleteObjects: 0.264400 ms)

========================================================================
Received Import Request.
  path: Assets/Prefabs/Player.prefab
  artifactKey: Guid(f07cf2f2aeb5e0249b212e71b53eab4d) Importer(815301076,1909f56bfc062723c751e8b465ee728b)
Start importing Assets/Prefabs/Player.prefab using Guid(f07cf2f2aeb5e0249b212e71b53eab4d) Importer(815301076,1909f56bfc062723c751e8b465ee728b)  -> (artifact id: 'e72db9b2a474b453bcf2e49b86ee5f38') in 0.879907 seconds
  Import took 0.901822 seconds .

========================================================================
Received Prepare
Registering precompiled user dll's ...
Registered in 0.007512 seconds.
Begin MonoManager ReloadAssembly
Native extension for WindowsStandalone target not found
Refreshing native plugins compatible for Editor in 0.65 ms, found 3 plugins.
Preloading 0 native plugins for Editor in 0.00 ms.
Mono: successfully reloaded assembly
- Completed reload, in  1.317 seconds
Platform modules already initialized, skipping
Refreshing native plugins compatible for Editor in 0.51 ms, found 3 plugins.
Preloading 0 native plugins for Editor in 0.00 ms.
Unloading 2078 Unused Serialized files (Serialized files now loaded: 0)
System memory in use before: 95.9 MB.
System memory in use after: 95.9 MB.

Unloading 21 unused Assets to reduce memory usage. Loaded Objects now: 2528.
Total: 3.891300 ms (FindLiveObjects: 0.223000 ms CreateObjectMapping: 0.074500 ms MarkObjects: 3.409300 ms  DeleteObjects: 0.183500 ms)

========================================================================
Received Import Request.
  Time since last request: 788.333809 seconds.
  path: Assets/Prefabs/Player.prefab
  artifactKey: Guid(f07cf2f2aeb5e0249b212e71b53eab4d) Importer(815301076,1909f56bfc062723c751e8b465ee728b)
Start importing Assets/Prefabs/Player.prefab using Guid(f07cf2f2aeb5e0249b212e71b53eab4d) Importer(815301076,1909f56bfc062723c751e8b465ee728b)  -> (artifact id: 'aec67a7b8ca889a36180937464c3208c') in 0.078007 seconds
  Import took 0.108705 seconds .

========================================================================
Received Import Request.
  Time since last request: 208.100823 seconds.
  path: Assets/Prefabs/Player.prefab
  artifactKey: Guid(f07cf2f2aeb5e0249b212e71b53eab4d) Importer(815301076,1909f56bfc062723c751e8b465ee728b)
Start importing Assets/Prefabs/Player.prefab using Guid(f07cf2f2aeb5e0249b212e71b53eab4d) Importer(815301076,1909f56bfc062723c751e8b465ee728b)  -> (artifact id: 'e043448cedc6596ff8a792383d0804e5') in 0.043870 seconds
  Import took 0.080465 seconds .

========================================================================
Received Import Request.
  Time since last request: 3.708630 seconds.
  path: Assets/Prefabs/Player.prefab
  artifactKey: Guid(f07cf2f2aeb5e0249b212e71b53eab4d) Importer(815301076,1909f56bfc062723c751e8b465ee728b)
Start importing Assets/Prefabs/Player.prefab using Guid(f07cf2f2aeb5e0249b212e71b53eab4d) Importer(815301076,1909f56bfc062723c751e8b465ee728b)  -> (artifact id: 'bad9984b3a6c8e034a29257aabe7291c') in 0.027980 seconds
  Import took 0.051657 seconds .

========================================================================
Received Prepare
Registering precompiled user dll's ...
Registered in 0.007244 seconds.
Begin MonoManager ReloadAssembly
Native extension for WindowsStandalone target not found
Refreshing native plugins compatible for Editor in 0.56 ms, found 3 plugins.
Preloading 0 native plugins for Editor in 0.00 ms.
Mono: successfully reloaded assembly
- Completed reload, in  1.400 seconds
Platform modules already initialized, skipping
Refreshing native plugins compatible for Editor in 0.53 ms, found 3 plugins.
Preloading 0 native plugins for Editor in 0.00 ms.
Unloading 2078 Unused Serialized files (Serialized files now loaded: 0)
System memory in use before: 95.9 MB.
System memory in use after: 95.9 MB.

Unloading 21 unused Assets to reduce memory usage. Loaded Objects now: 2533.
Total: 3.058800 ms (FindLiveObjects: 0.236200 ms CreateObjectMapping: 0.088300 ms MarkObjects: 2.572500 ms  DeleteObjects: 0.160700 ms)

========================================================================
Received Prepare
Registering precompiled user dll's ...
Registered in 0.009813 seconds.
Begin MonoManager ReloadAssembly
Native extension for WindowsStandalone target not found
Refreshing native plugins compatible for Editor in 0.85 ms, found 3 plugins.
Preloading 0 native plugins for Editor in 0.00 ms.
Mono: successfully reloaded assembly
- Completed reload, in  1.364 seconds
Platform modules already initialized, skipping
Refreshing native plugins compatible for Editor in 0.55 ms, found 3 plugins.
Preloading 0 native plugins for Editor in 0.00 ms.
Unloading 2078 Unused Serialized files (Serialized files now loaded: 0)
System memory in use before: 96.0 MB.
System memory in use after: 95.9 MB.

Unloading 21 unused Assets to reduce memory usage. Loaded Objects now: 2537.
Total: 3.315000 ms (FindLiveObjects: 0.224200 ms CreateObjectMapping: 0.076900 ms MarkObjects: 2.837600 ms  DeleteObjects: 0.175400 ms)

========================================================================
Received Import Request.
  Time since last request: 70.177668 seconds.
  path: Assets/Prefabs/Player.prefab
  artifactKey: Guid(f07cf2f2aeb5e0249b212e71b53eab4d) Importer(815301076,1909f56bfc062723c751e8b465ee728b)
Start importing Assets/Prefabs/Player.prefab using Guid(f07cf2f2aeb5e0249b212e71b53eab4d) Importer(815301076,1909f56bfc062723c751e8b465ee728b)  -> (artifact id: '4d991853abfb93ce2b8040da78e6898e') in 0.100627 seconds
  Import took 0.114809 seconds .

========================================================================
Received Import Request.
  Time since last request: 0.141174 seconds.
  path: Assets/Prefabs/Player.prefab
  artifactKey: Guid(f07cf2f2aeb5e0249b212e71b53eab4d) Importer(815301076,1909f56bfc062723c751e8b465ee728b)
Start importing Assets/Prefabs/Player.prefab using Guid(f07cf2f2aeb5e0249b212e71b53eab4d) Importer(815301076,1909f56bfc062723c751e8b465ee728b)  -> (artifact id: '4d991853abfb93ce2b8040da78e6898e') in 0.019626 seconds
  Import took 0.041794 seconds .

========================================================================
Received Prepare
Registering precompiled user dll's ...
Registered in 0.008195 seconds.
Begin MonoManager ReloadAssembly
Native extension for WindowsStandalone target not found
Refreshing native plugins compatible for Editor in 0.66 ms, found 3 plugins.
Preloading 0 native plugins for Editor in 0.00 ms.
Mono: successfully reloaded assembly
- Completed reload, in  1.291 seconds
Platform modules already initialized, skipping
Refreshing native plugins compatible for Editor in 0.52 ms, found 3 plugins.
Preloading 0 native plugins for Editor in 0.00 ms.
Unloading 2078 Unused Serialized files (Serialized files now loaded: 0)
System memory in use before: 96.0 MB.
System memory in use after: 96.0 MB.

Unloading 21 unused Assets to reduce memory usage. Loaded Objects now: 2542.
Total: 3.610500 ms (FindLiveObjects: 0.371000 ms CreateObjectMapping: 0.084600 ms MarkObjects: 2.988000 ms  DeleteObjects: 0.165800 ms)

========================================================================
Received Prepare
Registering precompiled user dll's ...
Registered in 0.008491 seconds.
Begin MonoManager ReloadAssembly
Native extension for WindowsStandalone target not found
Refreshing native plugins compatible for Editor in 0.94 ms, found 3 plugins.
Preloading 0 native plugins for Editor in 0.00 ms.
Mono: successfully reloaded assembly
- Completed reload, in  1.373 seconds
Platform modules already initialized, skipping
Refreshing native plugins compatible for Editor in 0.52 ms, found 3 plugins.
Preloading 0 native plugins for Editor in 0.00 ms.
Unloading 2078 Unused Serialized files (Serialized files now loaded: 0)
System memory in use before: 96.0 MB.
System memory in use after: 96.0 MB.

Unloading 21 unused Assets to reduce memory usage. Loaded Objects now: 2546.
Total: 2.696000 ms (FindLiveObjects: 0.210700 ms CreateObjectMapping: 0.109400 ms MarkObjects: 2.183900 ms  DeleteObjects: 0.190900 ms)

========================================================================
Received Prepare
Registering precompiled user dll's ...
Registered in 0.008529 seconds.
Begin MonoManager ReloadAssembly
Native extension for WindowsStandalone target not found
Refreshing native plugins compatible for Editor in 0.49 ms, found 3 plugins.
Preloading 0 native plugins for Editor in 0.00 ms.
Mono: successfully reloaded assembly
- Completed reload, in  1.383 seconds
Platform modules already initialized, skipping
Refreshing native plugins compatible for Editor in 0.50 ms, found 3 plugins.
Preloading 0 native plugins for Editor in 0.00 ms.
Unloading 2078 Unused Serialized files (Serialized files now loaded: 0)
System memory in use before: 96.0 MB.
System memory in use after: 96.0 MB.

Unloading 21 unused Assets to reduce memory usage. Loaded Objects now: 2550.
Total: 3.160400 ms (FindLiveObjects: 0.268600 ms CreateObjectMapping: 0.080600 ms MarkObjects: 2.618400 ms  DeleteObjects: 0.192000 ms)

========================================================================
Received Prepare
Registering precompiled user dll's ...
Registered in 0.013789 seconds.
Begin MonoManager ReloadAssembly
Native extension for WindowsStandalone target not found
Refreshing native plugins compatible for Editor in 0.50 ms, found 3 plugins.
Preloading 0 native plugins for Editor in 0.00 ms.
Mono: successfully reloaded assembly
- Completed reload, in  1.904 seconds
Platform modules already initialized, skipping
Refreshing native plugins compatible for Editor in 0.81 ms, found 3 plugins.
Preloading 0 native plugins for Editor in 0.00 ms.
Unloading 2078 Unused Serialized files (Serialized files now loaded: 0)
System memory in use before: 96.0 MB.
System memory in use after: 96.0 MB.

Unloading 21 unused Assets to reduce memory usage. Loaded Objects now: 2554.
Total: 3.103100 ms (FindLiveObjects: 0.223200 ms CreateObjectMapping: 0.077400 ms MarkObjects: 2.657500 ms  DeleteObjects: 0.143800 ms)

========================================================================
Received Prepare
Registering precompiled user dll's ...
Registered in 0.007319 seconds.
Begin MonoManager ReloadAssembly
Native extension for WindowsStandalone target not found
Refreshing native plugins compatible for Editor in 0.46 ms, found 3 plugins.
Preloading 0 native plugins for Editor in 0.00 ms.
Mono: successfully reloaded assembly
- Completed reload, in  1.356 seconds
Platform modules already initialized, skipping
Refreshing native plugins compatible for Editor in 0.65 ms, found 3 plugins.
Preloading 0 native plugins for Editor in 0.00 ms.
Unloading 2078 Unused Serialized files (Serialized files now loaded: 0)
System memory in use before: 96.0 MB.
System memory in use after: 96.0 MB.

Unloading 21 unused Assets to reduce memory usage. Loaded Objects now: 2558.
Total: 3.247600 ms (FindLiveObjects: 0.239900 ms CreateObjectMapping: 0.097900 ms MarkObjects: 2.726800 ms  DeleteObjects: 0.181400 ms)

========================================================================
Received Prepare
Registering precompiled user dll's ...
Registered in 0.011311 seconds.
Begin MonoManager ReloadAssembly
Native extension for WindowsStandalone target not found
Refreshing native plugins compatible for Editor in 0.51 ms, found 3 plugins.
Preloading 0 native plugins for Editor in 0.00 ms.
Mono: successfully reloaded assembly
- Completed reload, in  1.416 seconds
Platform modules already initialized, skipping
Refreshing native plugins compatible for Editor in 0.52 ms, found 3 plugins.
Preloading 0 native plugins for Editor in 0.00 ms.
Unloading 2078 Unused Serialized files (Serialized files now loaded: 0)
System memory in use before: 96.0 MB.
System memory in use after: 96.0 MB.

Unloading 21 unused Assets to reduce memory usage. Loaded Objects now: 2562.
Total: 2.900000 ms (FindLiveObjects: 0.226900 ms CreateObjectMapping: 0.088700 ms MarkObjects: 2.402800 ms  DeleteObjects: 0.180500 ms)

========================================================================
Received Prepare
Registering precompiled user dll's ...
Registered in 0.008591 seconds.
Begin MonoManager ReloadAssembly
Native extension for WindowsStandalone target not found
Refreshing native plugins compatible for Editor in 0.50 ms, found 3 plugins.
Preloading 0 native plugins for Editor in 0.00 ms.
Mono: successfully reloaded assembly
- Completed reload, in  1.365 seconds
Platform modules already initialized, skipping
Refreshing native plugins compatible for Editor in 0.57 ms, found 3 plugins.
Preloading 0 native plugins for Editor in 0.00 ms.
Unloading 2078 Unused Serialized files (Serialized files now loaded: 0)
System memory in use before: 96.0 MB.
System memory in use after: 96.0 MB.

Unloading 21 unused Assets to reduce memory usage. Loaded Objects now: 2566.
Total: 3.235200 ms (FindLiveObjects: 0.431600 ms CreateObjectMapping: 0.106100 ms MarkObjects: 2.522900 ms  DeleteObjects: 0.173400 ms)

========================================================================
Received Prepare
Registering precompiled user dll's ...
Registered in 0.010767 seconds.
Begin MonoManager ReloadAssembly
Native extension for WindowsStandalone target not found
Refreshing native plugins compatible for Editor in 0.51 ms, found 3 plugins.
Preloading 0 native plugins for Editor in 0.00 ms.
Mono: successfully reloaded assembly
- Completed reload, in  1.412 seconds
Platform modules already initialized, skipping
Refreshing native plugins compatible for Editor in 0.51 ms, found 3 plugins.
Preloading 0 native plugins for Editor in 0.00 ms.
Unloading 2078 Unused Serialized files (Serialized files now loaded: 0)
System memory in use before: 96.1 MB.
System memory in use after: 96.0 MB.

Unloading 21 unused Assets to reduce memory usage. Loaded Objects now: 2570.
Total: 4.915600 ms (FindLiveObjects: 0.387300 ms CreateObjectMapping: 0.162200 ms MarkObjects: 4.151800 ms  DeleteObjects: 0.212600 ms)

========================================================================
Received Prepare
Registering precompiled user dll's ...
Registered in 0.080131 seconds.
Begin MonoManager ReloadAssembly
Native extension for WindowsStandalone target not found
Refreshing native plugins compatible for Editor in 0.50 ms, found 3 plugins.
Preloading 0 native plugins for Editor in 0.00 ms.
Mono: successfully reloaded assembly
- Completed reload, in  7.816 seconds
Platform modules already initialized, skipping
Refreshing native plugins compatible for Editor in 0.47 ms, found 3 plugins.
Preloading 0 native plugins for Editor in 0.00 ms.
Unloading 2078 Unused Serialized files (Serialized files now loaded: 0)
System memory in use before: 96.1 MB.
System memory in use after: 96.0 MB.

Unloading 21 unused Assets to reduce memory usage. Loaded Objects now: 2574.
Total: 3.053800 ms (FindLiveObjects: 0.235300 ms CreateObjectMapping: 0.077400 ms MarkObjects: 2.559900 ms  DeleteObjects: 0.180300 ms)

========================================================================
Received Prepare
Registering precompiled user dll's ...
Registered in 0.014041 seconds.
Begin MonoManager ReloadAssembly
Native extension for WindowsStandalone target not found
Refreshing native plugins compatible for Editor in 0.50 ms, found 3 plugins.
Preloading 0 native plugins for Editor in 0.00 ms.
Mono: successfully reloaded assembly
- Completed reload, in  1.389 seconds
Platform modules already initialized, skipping
Refreshing native plugins compatible for Editor in 0.81 ms, found 3 plugins.
Preloading 0 native plugins for Editor in 0.00 ms.
Unloading 2078 Unused Serialized files (Serialized files now loaded: 0)
System memory in use before: 96.1 MB.
System memory in use after: 96.1 MB.

Unloading 21 unused Assets to reduce memory usage. Loaded Objects now: 2578.
Total: 3.526400 ms (FindLiveObjects: 0.285000 ms CreateObjectMapping: 0.090100 ms MarkObjects: 2.970600 ms  DeleteObjects: 0.179700 ms)

========================================================================
Received Prepare
Registering precompiled user dll's ...
Registered in 0.011438 seconds.
Begin MonoManager ReloadAssembly
Native extension for WindowsStandalone target not found
Refreshing native plugins compatible for Editor in 0.78 ms, found 3 plugins.
Preloading 0 native plugins for Editor in 0.00 ms.
Mono: successfully reloaded assembly
- Completed reload, in  1.848 seconds
Platform modules already initialized, skipping
Refreshing native plugins compatible for Editor in 1.06 ms, found 3 plugins.
Preloading 0 native plugins for Editor in 0.00 ms.
Unloading 2078 Unused Serialized files (Serialized files now loaded: 0)
System memory in use before: 96.1 MB.
System memory in use after: 96.1 MB.

Unloading 21 unused Assets to reduce memory usage. Loaded Objects now: 2582.
Total: 3.283500 ms (FindLiveObjects: 0.252300 ms CreateObjectMapping: 0.074500 ms MarkObjects: 2.735800 ms  DeleteObjects: 0.216600 ms)

========================================================================
Received Prepare
Registering precompiled user dll's ...
Registered in 0.008310 seconds.
Begin MonoManager ReloadAssembly
Native extension for WindowsStandalone target not found
Refreshing native plugins compatible for Editor in 7.11 ms, found 3 plugins.
Preloading 0 native plugins for Editor in 0.00 ms.
Mono: successfully reloaded assembly
- Completed reload, in  1.539 seconds
Platform modules already initialized, skipping
Refreshing native plugins compatible for Editor in 0.54 ms, found 3 plugins.
Preloading 0 native plugins for Editor in 0.00 ms.
Unloading 2078 Unused Serialized files (Serialized files now loaded: 0)
System memory in use before: 96.1 MB.
System memory in use after: 96.1 MB.

Unloading 21 unused Assets to reduce memory usage. Loaded Objects now: 2586.
Total: 3.002100 ms (FindLiveObjects: 0.225000 ms CreateObjectMapping: 0.086900 ms MarkObjects: 2.527200 ms  DeleteObjects: 0.162000 ms)

========================================================================
Received Prepare
Registering precompiled user dll's ...
Registered in 0.120551 seconds.
Begin MonoManager ReloadAssembly
Native extension for WindowsStandalone target not found
Refreshing native plugins compatible for Editor in 1.43 ms, found 3 plugins.
Preloading 0 native plugins for Editor in 0.00 ms.
Mono: successfully reloaded assembly
- Completed reload, in  1.357 seconds
Platform modules already initialized, skipping
Refreshing native plugins compatible for Editor in 1.43 ms, found 3 plugins.
Preloading 0 native plugins for Editor in 0.00 ms.
Unloading 2078 Unused Serialized files (Serialized files now loaded: 0)
System memory in use before: 96.1 MB.
System memory in use after: 96.1 MB.

Unloading 21 unused Assets to reduce memory usage. Loaded Objects now: 2590.
Total: 4.582600 ms (FindLiveObjects: 0.409500 ms CreateObjectMapping: 0.153500 ms MarkObjects: 3.833200 ms  DeleteObjects: 0.184300 ms)

========================================================================
Received Prepare
Registering precompiled user dll's ...
Registered in 0.007463 seconds.
Begin MonoManager ReloadAssembly
Native extension for WindowsStandalone target not found
Refreshing native plugins compatible for Editor in 0.50 ms, found 3 plugins.
Preloading 0 native plugins for Editor in 0.00 ms.
Mono: successfully reloaded assembly
- Completed reload, in  1.414 seconds
Platform modules already initialized, skipping
Refreshing native plugins compatible for Editor in 0.61 ms, found 3 plugins.
Preloading 0 native plugins for Editor in 0.00 ms.
Unloading 2078 Unused Serialized files (Serialized files now loaded: 0)
System memory in use before: 96.1 MB.
System memory in use after: 96.1 MB.

Unloading 21 unused Assets to reduce memory usage. Loaded Objects now: 2594.
Total: 3.214200 ms (FindLiveObjects: 0.264100 ms CreateObjectMapping: 0.075900 ms MarkObjects: 2.627700 ms  DeleteObjects: 0.245400 ms)

========================================================================
Received Prepare
Registering precompiled user dll's ...
Registered in 0.008011 seconds.
Begin MonoManager ReloadAssembly
Native extension for WindowsStandalone target not found
Refreshing native plugins compatible for Editor in 0.47 ms, found 3 plugins.
Preloading 0 native plugins for Editor in 0.00 ms.
Mono: successfully reloaded assembly
- Completed reload, in  1.393 seconds
Platform modules already initialized, skipping
Refreshing native plugins compatible for Editor in 0.82 ms, found 3 plugins.
Preloading 0 native plugins for Editor in 0.00 ms.
Unloading 2078 Unused Serialized files (Serialized files now loaded: 0)
System memory in use before: 96.1 MB.
System memory in use after: 96.1 MB.

Unloading 21 unused Assets to reduce memory usage. Loaded Objects now: 2598.
Total: 3.815200 ms (FindLiveObjects: 0.298600 ms CreateObjectMapping: 0.076700 ms MarkObjects: 3.236100 ms  DeleteObjects: 0.202700 ms)

========================================================================
Received Prepare
Registering precompiled user dll's ...
Registered in 0.007298 seconds.
Begin MonoManager ReloadAssembly
Native extension for WindowsStandalone target not found
Refreshing native plugins compatible for Editor in 0.64 ms, found 3 plugins.
Preloading 0 native plugins for Editor in 0.00 ms.
Mono: successfully reloaded assembly
- Completed reload, in  1.302 seconds
Platform modules already initialized, skipping
Refreshing native plugins compatible for Editor in 0.54 ms, found 3 plugins.
Preloading 0 native plugins for Editor in 0.00 ms.
Unloading 2078 Unused Serialized files (Serialized files now loaded: 0)
System memory in use before: 96.1 MB.
System memory in use after: 96.1 MB.

Unloading 21 unused Assets to reduce memory usage. Loaded Objects now: 2602.
Total: 3.572600 ms (FindLiveObjects: 0.314400 ms CreateObjectMapping: 0.092100 ms MarkObjects: 2.987100 ms  DeleteObjects: 0.177900 ms)

========================================================================
Received Prepare
Registering precompiled user dll's ...
Registered in 0.007830 seconds.
Begin MonoManager ReloadAssembly
Native extension for WindowsStandalone target not found
Refreshing native plugins compatible for Editor in 0.59 ms, found 3 plugins.
Preloading 0 native plugins for Editor in 0.00 ms.
Mono: successfully reloaded assembly
- Completed reload, in  1.401 seconds
Platform modules already initialized, skipping
Refreshing native plugins compatible for Editor in 0.86 ms, found 3 plugins.
Preloading 0 native plugins for Editor in 0.00 ms.
Unloading 2078 Unused Serialized files (Serialized files now loaded: 0)
System memory in use before: 96.1 MB.
System memory in use after: 96.1 MB.

Unloading 21 unused Assets to reduce memory usage. Loaded Objects now: 2606.
Total: 3.480600 ms (FindLiveObjects: 0.264800 ms CreateObjectMapping: 0.077800 ms MarkObjects: 2.948300 ms  DeleteObjects: 0.188700 ms)

========================================================================
Received Prepare
Registering precompiled user dll's ...
Registered in 0.010392 seconds.
Begin MonoManager ReloadAssembly
Native extension for WindowsStandalone target not found
Refreshing native plugins compatible for Editor in 0.48 ms, found 3 plugins.
Preloading 0 native plugins for Editor in 0.00 ms.
Mono: successfully reloaded assembly
- Completed reload, in  1.314 seconds
Platform modules already initialized, skipping
Refreshing native plugins compatible for Editor in 0.77 ms, found 3 plugins.
Preloading 0 native plugins for Editor in 0.00 ms.
Unloading 2078 Unused Serialized files (Serialized files now loaded: 0)
System memory in use before: 96.2 MB.
System memory in use after: 96.1 MB.

Unloading 21 unused Assets to reduce memory usage. Loaded Objects now: 2610.
Total: 2.729500 ms (FindLiveObjects: 0.229200 ms CreateObjectMapping: 0.085800 ms MarkObjects: 2.231700 ms  DeleteObjects: 0.181800 ms)

========================================================================
Received Import Request.
  Time since last request: 3091.443347 seconds.
  path: Assets/Prefabs/Player.prefab
  artifactKey: Guid(f07cf2f2aeb5e0249b212e71b53eab4d) Importer(815301076,1909f56bfc062723c751e8b465ee728b)
Start importing Assets/Prefabs/Player.prefab using Guid(f07cf2f2aeb5e0249b212e71b53eab4d) Importer(815301076,1909f56bfc062723c751e8b465ee728b)  -> (artifact id: '82bfa39b4a4b7547a0b9fe2d41d3907a') in 0.180287 seconds
  Import took 0.228804 seconds .

========================================================================
Received Import Request.
  Time since last request: 948.298958 seconds.
  path: ProjectSettings/TagManager.asset
  artifactKey: Guid(00000000000000003000000000000000) Importer(815301076,1909f56bfc062723c751e8b465ee728b)
Start importing ProjectSettings/TagManager.asset using Guid(00000000000000003000000000000000) Importer(815301076,1909f56bfc062723c751e8b465ee728b)  -> (artifact id: 'f5964681c5beeeea877f170a46c63dd4') in 0.207401 seconds
  Import took 0.268386 seconds .

========================================================================
Received Import Request.
  Time since last request: 17.617547 seconds.
  path: Assets/Prefabs/PlatformPrefab.prefab
  artifactKey: Guid(d118564b6170a524baf4399363b854f1) Importer(815301076,1909f56bfc062723c751e8b465ee728b)
Start importing Assets/Prefabs/PlatformPrefab.prefab using Guid(d118564b6170a524baf4399363b854f1) Importer(815301076,1909f56bfc062723c751e8b465ee728b)  -> (artifact id: '66cad1b983ffdb273e7975ee188470bc') in 0.123456 seconds
  Import took 0.161237 seconds .

========================================================================
Received Prepare
Registering precompiled user dll's ...
Registered in 0.009242 seconds.
Begin MonoManager ReloadAssembly
Native extension for WindowsStandalone target not found
Refreshing native plugins compatible for Editor in 0.68 ms, found 3 plugins.
Preloading 0 native plugins for Editor in 0.00 ms.
Mono: successfully reloaded assembly
- Completed reload, in  1.414 seconds
Platform modules already initialized, skipping
Refreshing native plugins compatible for Editor in 0.52 ms, found 3 plugins.
Preloading 0 native plugins for Editor in 0.00 ms.
Unloading 2078 Unused Serialized files (Serialized files now loaded: 0)
System memory in use before: 96.2 MB.
System memory in use after: 96.1 MB.

Unloading 22 unused Assets to reduce memory usage. Loaded Objects now: 2615.
Total: 3.184500 ms (FindLiveObjects: 0.239600 ms CreateObjectMapping: 0.078400 ms MarkObjects: 2.551500 ms  DeleteObjects: 0.314000 ms)

========================================================================
Received Import Request.
  Time since last request: 398.128957 seconds.
  path: Assets/Prefabs/Player.prefab
  artifactKey: Guid(f07cf2f2aeb5e0249b212e71b53eab4d) Importer(815301076,1909f56bfc062723c751e8b465ee728b)
Start importing Assets/Prefabs/Player.prefab using Guid(f07cf2f2aeb5e0249b212e71b53eab4d) Importer(815301076,1909f56bfc062723c751e8b465ee728b)  -> (artifact id: '0b0df048051cd0690d325e0a08f97e9c') in 0.109109 seconds
  Import took 0.138407 seconds .

========================================================================
Received Import Request.
  Time since last request: 27.264816 seconds.
  path: Assets/Prefabs/Player.prefab
  artifactKey: Guid(f07cf2f2aeb5e0249b212e71b53eab4d) Importer(815301076,1909f56bfc062723c751e8b465ee728b)
Start importing Assets/Prefabs/Player.prefab using Guid(f07cf2f2aeb5e0249b212e71b53eab4d) Importer(815301076,1909f56bfc062723c751e8b465ee728b)  -> (artifact id: 'bcf324e3c26629eb0786d817cd378b52') in 0.024612 seconds
  Import took 0.044713 seconds .

AssetImportWorkerClient::OnTransportError - code=2 error=End of file
